
0 10 50KHz 0 0 17903 12879 14636 15377 15280 14932 15176 15667 15205 16032 5777 20193 32187 6568 6937 11057 13625 14329 16933 17342 16052 13502 17740 15400 14355 954 2029 10312 28910 30882
1 20 50KHz 0 0 0 16031 13400 15330 15866 15604 16001 16209 15567 16082 4181 12332 32301 7473 8150 11405 13986 13798 16715 17272 15784 12990 18561 15468 14554 629 978 13722 23041 30139
2 29 50KHz 18309 0 0 0 10943 13577 15237 15246 15663 15946 15877 16149 6495 11273 31889 6036 7273 10411 13572 13142 16304 16948 15411 12271 19237 15392 14187 469 582 14819 19320 26204
3 39 50KHz 13163 16469 0 0 0 13774 14868 16240 16310 16223 15808 15689 9221 8939 32210 8600 6511 10738 13483 11762 16671 16276 14159 11810 19067 15345 13800 440 508 15133 18453 23012
4 49 50KHz 15574 14246 11246 0 0 0 9715 13484 15379 15709 15393 15544 14599 6503 32269 7876 6818 11188 13550 10623 16934 16685 13601 10986 18506 15594 13390 422 439 13832 22151 26275
5 59 50KHz 16420 16183 14329 13797 0 0 0 16678 11682 14163 14837 15222 20248 11162 32244 10419 7971 11372 13818 11540 16753 16266 13711 11359 17776 15513 13962 425 430 13812 18251 22209
6 69 50KHz 15857 16044 15962 13653 9772 0 0 0 21174 10555 13095 14216 18306 11638 32132 7622 7036 11095 13529 10051 16973 16654 12588 9609 17113 14773 13384 396 413 13156 23167 26947
7 78 50KHz 15747 15832 16399 15259 13194 16806 0 0 0 17781 9202 13196 15576 12830 32096 9534 7644 11644 13935 10386 17115 16803 12633 9659 16786 14460 13397 560 531 10818 22095 25902
8 88 50KHz 15253 15523 16522 15565 14520 11016 21375 0 0 0 25490 9146 13204 13217 32462 9990 7338 11455 14020 11702 16837 16496 13438 10302 17357 14941 13399 404 417 11686 21244 25037
9 98 50KHz 14744 14851 15820 15309 14832 14412 10544 17815 0 0 0 18634 10949 13243 32126 11470 8290 11440 13892 11211 16590 16191 12439 9526 15573 13394 12660 448 410 10026 17729 20902
10 108 50KHz 14464 14556 15431 15261 14681 14249 13058 9258 25743 0 0 0 17235 10280 30787 14610 7891 11819 14049 13268 16497 15930 13623 10506 16293 14003 13121 411 392 11091 16689 19979
11 118 50KHz 14969 14545 15418 15012 14468 14486 13919 12690 9335 18984 0 0 0 17900 8836 25720 9273 12120 14424 14324 16074 15741 14220 11127 16075 13846 12663 381 5973 11657 13360 16310
12 128 50KHz 13625 12064 13594 14199 14053 14662 15271 13805 12478 10561 17786 0 0 0 6885 8131 10125 9605 13482 13107 16460 15858 12403 8739 21489 14297 10874 13177 14165 7903 29767 29898
13 137 50KHz 12312 12966 15019 14885 13373 14465 14272 13811 13060 12287 8937 18533 0 0 0 20046 15864 11174 14224 12638 16841 16934 12996 9601 21893 14743 11984 16753 15445 8962 30816 31357
14 147 50KHz 30998 23615 30150 30138 29570 29022 29992 26802 11466 18226 21127 18709 9950 0 0 0 31164 25575 23336 13466 29921 30458 29310 17084 31297 29588 27649 30220 29469 31594 30819 30845
15 157 50KHz 25331 8954 4605 6016 31019 9918 10258 13031 27905 13439 6375 4080 6386 7779 0 0 0 10195 11648 15422 11293 8356 9652 8459 10681 10265 10619 12459 29009 30880 28468 30476
16 167 50KHz 13595 29111 12369 13219 13190 14956 12678 13895 13560 13398 13745 13413 8606 11667 31394 0 0 0 15652 10268 12937 13263 15313 21407 8577 13868 14947 12542 12728 14850 31385 31669
17 177 50KHz 13257 15728 15281 14416 13821 15442 12123 13371 13575 14418 16497 10255 22044 22706 30732 14655 0 0 0 17986 10417 13550 14331 15667 15524 16203 16535 17144 16465 17915 9819 10712
18 186 50KHz 12537 14531 14855 14152 9354 14404 9476 11194 13286 14410 14910 14453 1983 3902 5341 6978 22868 0 0 0 18804 9118 11958 13780 14615 15005 14797 14954 14777 14863 16401 19753
19 196 50KHz 10539 14226 15765 14761 8098 14835 6514 8717 10820 12541 15355 15627 10865 11777 6115 4938 11634 18811 0 0 0 17269 8561 12805 14226 14694 14711 14882 14551 14263 18701 22081
20 206 50KHz 11472 14447 15364 14389 8570 14837 6263 8082 10569 11936 15214 15187 9213 12158 4872 4800 7227 9977 18960 0 0 0 17746 10624 13942 14896 14876 14749 14546 14516 14942 18079
21 216 50KHz 11721 14467 15213 14307 8453 14651 5413 7014 9709 11050 15036 15070 10531 15187 5778 6066 6879 12641 9136 17384 0 0 0 15235 12465 14536 14792 14654 14410 14409 13502 16333
22 226 50KHz 13206 14309 15319 14406 8174 14789 5082 7061 9261 10906 15337 15517 13619 23917 5499 6473 7103 13978 12259 8745 17940 0 0 0 15349 12504 14390 14284 13981 14078 16950 20158
23 235 50KHz 13996 14355 15285 14542 8490 14888 5764 7660 9255 10985 15351 15405 13687 29225 6270 6774 7400 14938 14229 13100 9947 15440 0 0 0 14474 12748 14004 13689 13836 19462 23059
24 245 50KHz 14121 14327 15072 14291 9499 14766 5212 6921 9400 10861 15189 15171 12956 23171 5316 6957 7563 15142 14680 14203 13972 12000 15361 0 0 0 14982 12605 13365 13785 16393 19772
25 255 50KHz 14343 14516 15169 14374 10422 14867 5653 7227 9273 10512 14800 15524 13966 23901 6192 7461 8130 15643 15392 14659 14938 14469 12627 14652 0 0 0 11699 12234 13552 16345 19912
26 265 50KHz 14359 14602 15144 14540 12708 14804 8350 9351 10370 11189 15225 15514 13938 24760 6463 7788 8416 15839 15681 14601 15149 14976 14448 12277 15041 0 0 0 16503 12084 16138 20671
27 275 50KHz 14555 14911 15350 14793 14713 14810 9506 10173 10740 11589 15371 15295 13254 22235 5928 7988 7157 15616 15744 14418 15117 14671 14373 14241 12826 11836 0 0 0 17566 14282 21376
28 285 50KHz 13873 14763 15300 14811 15108 15091 11467 11610 12215 12565 15424 15391 13370 22104 6575 8534 7638 15637 15537 14208 15026 14528 14037 14166 13676 11960 16761 0 0 0 8608 19374
29 294 50KHz 10367 14028 14992 15028 15446 15212 14669 13864 13979 13956 15661 15584 13968 21652 6608 8162 7051 16273 16314 14431 15763 14903 14489 14723 14438 14055 11682 17732 0 0 0 19102
30 304 50KHz 10055 13022 14197 12279 15819 12218 12417 13331 12520 13791 16377 12248 8326 15974 30690 31009 30871 16785 18201 9038 15612 12532 11118 12374 13633 12504 12249 9304 23985 0 0 0
31 314 50KHz 30800 13822 12659 15562 14343 17842 13435 14095 13391 14043 20616 14871 10799 11111 31389 28190 31417 10000 14418 18171 19833 14272 13280 14825 15266 14751 14244 15238 13802 11561 0 0
0 324 50KHz 0 0 18350 13486 15351 16100 16262 15510 15664 15917 15600 16528 5566 29049 31900 5373 5581 12110 15347 13248 18217 17354 14884 13199 17940 15121 14473 983 2105 10518 29313 31194
1 334 50KHz 0 0 0 16377 13999 16048 16946 16304 16506 16423 15901 16399 3905 19282 32084 6129 6475 12482 15809 12849 17955 17182 14616 12613 18740 15134 14547 650 1002 14113 22999 30103
2 344 50KHz 18667 0 0 0 11187 14176 16402 16220 16471 16366 16292 16473 6456 14288 31569 5016 5677 11117 15350 12324 17516 16830 14341 11984 19616 15107 14217 457 622 15261 18993 26115
3 354 50KHz 13646 16586 0 0 0 13677 14444 15821 16062 15818 15585 15638 9511 11466 31990 5320 5542 10946 14777 11103 17025 16520 13806 11517 19327 14933 13618 439 467 15593 18149 22692
4 364 50KHz 15553 14244 11190 0 0 0 9629 13333 15302 15599 15347 15573 15068 12082 32160 4888 5878 11000 14451 9902 17297 16960 13250 10698 18643 15062 13035 430 430 14216 21783 25858
5 373 50KHz 16230 16117 14338 13816 0 0 0 16603 11696 14171 14868 15345 20295 9115 32112 6856 7079 11312 14471 10930 17207 16692 13466 11163 18169 15178 13801 450 448 14058 18373 22232
6 383 50KHz 15913 16242 16315 13888 9821 0 0 0 21208 10554 13188 14360 18596 9923 32014 5248 6249 11067 14161 9528 17809 17055 12352 9370 17663 14372 13120 406 414 13559 23335 27121
7 393 50KHz 15524 15725 16379 15324 13275 16873 0 0 0 17926 9299 13481 15863 12208 32347 6489 6797 11496 14457 9890 17817 17241 12364 9407 17299 14033 13101 570 546 11142 22360 26210
8 403 50KHz 15196 15551 16601 15956 14830 11065 21623 0 0 0 25720 9398 13607 13240 32513 7060 6520 11067 14472 11330 17535 16908 13151 10094 17600 14543 13158 396 414 12140 21410 25234
9 413 50KHz 14611 14736 15701 15690 15104 14605 10739 18119 0 0 0 19094 11178 13344 32201 8195 7506 11180 14198 10914 17152 16748 12274 9341 15801 13098 12385 427 414 10232 17816 21096
10 423 50KHz 14512 14579 15563 15287 14811 14369 13366 9404 25968 0 0 0 17440 10268 29749 11246 7082 11566 14419 12985 16952 16207 13355 10401 16669 13781 12860 429 426 11364 16706 20044
11 432 50KHz 14893 14549 15486 15189 14713 14732 14171 12923 9479 19261 0 0 0 17904 7412 21240 8202 11757 14684 14165 16438 15871 13984 11038 16196 13619 12456 454 6017 11918 13176 16104
12 442 50KHz 13340 11998 13558 14070 14156 14570 15398 13989 12627 10679 17961 0 0 0 5368 6435 8827 9183 13795 12536 16980 16048 11954 8508 21844 13939 10359 13485 14391 8524 29706 30056
13 452 50KHz 11486 12990 15508 15067 13224 14236 13899 13724 13091 12331 8948 18512 0 0 0 18885 14871 11248 14859 11974 17753 17809 12724 9377 23214 14665 11671 17631 15830 9265 31205 31277
14 462 50KHz 30418 21928 29778 29496 25996 24849 29908 22929 11706 17299 19760 17654 10082 0 0 0 31325 21324 22332 12130 29772 30389 27776 14142 31043 29198 22877 29668 29086 30949 30974 30663
15 472 50KHz 22533 8715 4787 6010 30697 9660 8995 11888 27320 13421 6809 4573 7098 8747 0 0 0 10748 12166 15709 11691 8718 9641 8335 10983 10044 9912 11538 28503 30588 30054 30600
16 481 50KHz 12433 28204 10868 10057 12404 15432 11585 12678 12251 12347 11785 12063 7660 11656 30859 0 0 0 15831 10121 12713 13225 15246 20865 7482 13873 14706 11594 11767 13447 31136 31496
17 491 50KHz 13198 15858 15506 14389 13824 15729 12238 13457 13680 14489 16612 10417 22029 23052 30211 14522 0 0 0 17770 10227 13411 14180 15613 15478 16316 16726 17343 16547 17944 10218 11291
18 501 50KHz 12968 14957 15030 13738 9379 14294 9776 11437 13789 14845 15193 14547 1134 4321 4269 6530 22355 0 0 0 18971 9222 12156 14182 15177 15554 15188 15412 15114 15332 15744 19046
19 511 50KHz 10481 14402 15983 14436 7905 14639 6555 8731 10998 12790 15661 16001 11057 16324 5288 4462 10988 18613 0 0 0 17364 8652 13054 14599 14994 14908 15150 14721 14483 19157 22525
20 521 50KHz 11706 14670 15486 13983 8494 14618 6403 8131 10837 12139 15350 15216 8624 14373 4099 4258 6670 9862 19137 0 0 0 17791 10791 14289 15298 15139 15079 14876 14863 14684 17782
21 530 50KHz 11729 14598 15237 13926 8349 14354 5589 7056 9919 11097 15151 15138 10071 17149 4849 5279 6210 12511 9258 17527 0 0 0 15367 12686 14739 14802 14791 14638 14606 13278 16065
22 540 50KHz 13222 14286 15205 14459 8419 14085 5102 7043 9500 11100 15586 15831 13446 26923 4751 5655 6414 13874 12526 8806 18023 0 0 0 15471 12765 14556 14358 14108 14302 16975 20147
23 550 50KHz 14169 14335 15109 14670 8794 14237 5916 7647 9489 11187 15580 15563 13605 29177 5484 5813 6636 14962 14679 13284 10077 15508 0 0 0 14699 12979 14298 13972 14218 19426 23024
24 560 50KHz 14348 14446 14984 14238 9716 14211 5371 6893 9666 11107 15272 15235 12515 25014 4508 5974 6615 15045 15263 14444 14220 12250 15572 0 0 0 15063 12756 13601 14151 16026 19470
25 570 50KHz 14847 14596 15297 14545 10559 14228 5698 7164 9419 10646 15053 15615 14006 26614 5506 6776 7265 15673 16279 14880 15320 14853 12947 14794 0 0 0 11789 12476 13878 16342 19925
26 580 50KHz 14944 15038 15431 15029 13006 14121 8493 9330 10563 11349 15519 15836 14094 27422 5702 6937 7507 15667 16417 14431 15229 15011 14620 12497 15183 0 0 0 16774 12397 16236 20926
27 589 50KHz 15059 15211 15490 15158 15222 14246 9733 10153 11000 11889 15595 15401 13182 24309 5141 7080 6334 15715 16890 14394 15399 14880 14560 14487 13050 11955 0 0 0 17754 13884 21016
28 599 50KHz 14123 15101 15608 15292 15504 14665 11666 11606 12489 12810 15608 15453 13392 24532 5808 7630 6870 15751 17003 14123 15406 14812 14234 14440 13899 12248 16979 0 0 0 8551 19270
29 609 50KHz 10481 14263 15224 15115 15403 14929 14977 13987 14080 14006 15711 15621 13608 23324 5779 7254 6240 15953 17903 14082 15968 14966 14434 14735 14525 14166 11968 17861 0 0 0 18723
30 619 50KHz 10170 13254 13903 12476 15034 9286 12448 13442 12199 13622 16796 12398 8271 17026 31012 31364 30716 16477 23726 8102 16305 12822 10925 11955 14025 12433 12175 9639 24331 0 0 0
31 629 50KHz 31444 14025 13008 16326 14427 19201 13542 14240 13333 13883 22146 15228 10699 11769 31327 29343 31426 9845 16361 21075 21026 14546 13146 14849 15685 14755 14533 15945 14300 11750 0 0
0 639 50KHz 0 0 18630 13804 15656 16271 16720 15799 16043 16166 15859 16781 5256 29361 31722 4979 4970 11968 17549 12761 18622 17585 14801 13172 18164 15241 14808 998 2123 10624 29060 31385
1 649 50KHz 0 0 0 16464 13995 16118 17232 16642 16948 16783 16244 16693 3434 21416 31902 5784 5778 12215 17965 12456 18296 17393 14472 12585 18980 15089 14664 692 1031 14345 22889 30012
2 659 50KHz 18964 0 0 0 11177 14176 16500 16254 16472 16459 16394 16589 6443 16069 31336 4744 5097 10972 17691 12086 17743 16953 14191 11898 19851 14966 14270 538 642 15652 18845 25966
3 669 50KHz 13821 16705 0 0 0 13828 14732 16116 16302 16083 15746 15799 10048 13463 31554 5116 5041 10764 16936 10708 17275 16630 13601 11440 19455 14701 13493 457 490 15809 18137 22635
4 678 50KHz 15747 14308 11248 0 0 0 9797 13637 15641 15799 15573 15822 16629 14121 31586 4673 5250 10610 16563 9402 17640 17056 13108 10471 18840 14721 12796 464 468 14548 21656 25772
5 688 50KHz 16561 16177 14439 14000 0 0 0 16816 11890 14412 15115 15620 20561 7921 31992 6700 6409 10911 16070 10545 17582 17046 13438 10881 18191 14797 13300 441 469 13856 18552 22319
6 698 50KHz 15714 15720 16069 13996 9768 0 0 0 21314 10641 13241 14490 18944 8992 31744 4697 5826 10745 15612 9191 18022 17357 12482 9098 17782 14082 12790 465 446 13233 23363 27136
7 708 50KHz 15486 15535 16059 15436 13317 16895 0 0 0 17967 9385 13559 16016 11840 31919 5767 6379 11225 15863 9679 18095 17587 12412 9136 17329 13724 12877 588 558 11070 22437 26146
8 718 50KHz 15319 15503 16342 15835 14716 11107 21538 0 0 0 25791 9385 13616 12915 32151 6242 6105 10955 15644 11063 17629 17107 13233 9909 17828 14333 12955 443 467 12053 21375 25243
9 727 50KHz 14753 14834 15688 15742 15122 14550 10720 18017 0 0 0 19076 11220 13190 32699 7470 6989 10964 15332 10653 17246 16789 12252 9120 15948 12895 12219 433 442 10302 17874 21248
10 737 50KHz 14566 14615 15572 15449 14775 14423 13334 9472 25997 0 0 0 17600 10212 29177 10336 6647 11240 15184 12840 17066 16401 13452 10185 16733 13669 12738 452 468 11442 16780 20158
11 747 50KHz 14896 14654 15403 15301 14821 14803 14364 13121 9560 19441 0 0 0 17910 7665 20004 7660 11443 15443 14125 16535 15994 14045 10945 16251 13519 12340 432 6020 12007 13096 16003
12 757 50KHz 13248 11911 13304 14467 14498 14409 15493 14054 12825 10791 18073 0 0 0 5324 5800 8090 8752 14786 12209 16963 16087 11882 8179 21692 13556 9922 13526 14464 8994 29607 30005
13 767 50KHz 11201 13093 15545 15777 13688 14034 13743 13666 13150 12414 9030 18595 0 0 0 18200 14407 11112 15815 11424 18169 18298 12843 9056 23675 14571 11429 17978 15886 9526 30874 30951
14 776 50KHz 30258 20812 29767 29537 11157 20796 29870 20970 11907 16997 19258 17281 10503 0 0 0 31423 19145 23260 11438 29965 29884 26446 12410 31043 28967 21240 29871 27717 30509 31482 30716
15 786 50KHz 20668 8540 4950 6253 30830 9407 8212 11214 26927 13500 7195 4980 7549 9116 0 0 0 11135 12693 15969 12114 9090 9846 8375 11332 9965 9565 11080 27957 30806 30166 31063
16 796 50KHz 12258 27816 9568 9197 11089 16770 11360 12449 11842 12236 9812 11420 7071 11699 30007 0 0 0 16107 10186 12829 13411 15257 20937 7106 13569 14567 10965 11161 12514 31217 31259
17 806 50KHz 13135 15942 15524 14703 13366 15590 12078 13399 13589 14514 16725 10633 20957 22400 30247 14705 0 0 0 17734 10343 13492 14262 15727 15514 16277 16662 17192 16367 17737 10213 11509
18 816 50KHz 12925 14932 14724 14089 9699 13831 9709 11337 13858 14848 15208 14662 1479 4171 3728 6374 22298 0 0 0 19127 9297 12320 14341 15362 15601 15174 15323 14968 15423 15605 18952
19 826 50KHz 10309 14401 15711 14983 8351 14045 6394 8614 11041 12812 15727 16247 10090 19761 4742 4196 10807 18639 0 0 0 17478 8705 13146 14756 15081 14845 14970 14529 14499 19292 22684
20 835 50KHz 11661 14632 15162 14431 8882 14074 6206 8042 10884 12184 15342 15368 7932 16767 3599 3860 6449 9823 19243 0 0 0 17879 10914 14473 15430 15133 14947 14588 14815 14597 17689
21 845 50KHz 11727 14576 14904 14319 8697 13866 5357 6940 9981 11078 15130 15240 9503 19000 4272 4723 6001 12577 9385 17592 0 0 0 15419 12839 15084 15112 14855 14555 14703 13154 15966
22 855 50KHz 13175 14335 15191 14511 8383 13876 4887 6879 9457 11029 15540 15822 12416 29284 4219 4838 6175 13969 12671 8844 18135 0 0 0 15587 12923 14891 14568 14123 14387 16913 20125
23 865 50KHz 14172 14485 15083 14833 8888 14004 5715 7512 9483 11142 15634 15788 12527 29589 4862 4941 6349 14991 14871 13433 10192 15683 0 0 0 14775 13139 14401 14011 14252 19469 23077
24 875 50KHz 14473 14635 15011 14326 9858 13934 5159 6727 9717 11070 15315 15275 11526 27086 3988 5133 6295 14970 15485 14594 14463 12406 15659 0 0 0 15116 12858 13581 14027 15810 19254
25 884 50KHz 14595 14693 15228 14645 10686 14194 5428 6942 9391 10652 15008 15825 13114 28953 4810 5587 6891 15538 16489 14994 15564 15006 13082 14911 0 0 0 11877 12501 13900 16302 19892
26 894 50KHz 14705 14854 15280 14853 12759 14189 8248 9183 10553 11378 15512 16013 13164 29049 5121 5748 7254 15839 16901 14777 15679 15479 14958 12669 15225 0 0 0 16909 12499 16344 20980
27 904 50KHz 14854 15013 15259 14951 14951 14189 9484 10022 11008 11732 15506 15495 12024 26771 4593 5785 6077 15404 16866 14264 15300 14806 14540 14542 13100 12041 0 0 0 17940 13859 21070
28 914 50KHz 14154 15106 15582 15163 15107 14475 11227 11290 12255 12606 15493 15582 12213 26828 5165 6296 6530 15318 16744 13824 15173 14582 13902 14104 13635 12216 17086 0 0 0 8426 19253
29 924 50KHz 10622 14277 15320 15244 15392 14713 14604 13747 13980 13927 15629 15686 12340 25187 5139 5880 5972 15501 17525 13740 15742 14754 14202 14407 14219 13998 11976 18087 0 0 0 18562
30 933 50KHz 10382 13250 14110 12917 14894 9265 12646 13667 12334 14160 16446 12554 7770 17815 30646 30858 31224 15766 22131 8480 16347 13056 11494 11681 14267 12392 11939 9702 24539 0 0 0
31 944 50KHz 30790 14058 13210 15347 14028 19938 13796 14683 13660 14457 20842 15592 10111 12200 31279 28998 30953 9476 15160 22114 20817 14999 13492 15113 15852 14770 15630 16140 14199 11911 0 0
0 954 50KHz 0 0 18692 14053 15867 16248 16561 15728 15985 16144 15839 16911 4726 29422 31142 3827 4821 11672 17150 12601 18653 17690 14794 13011 18144 14991 14659 1019 2095 10694 29119 31170
1 964 50KHz 0 0 0 16670 14421 16312 17179 16512 16840 16702 16122 16757 2939 23682 31365 4419 5591 11916 17619 12332 18375 17521 14570 12425 18998 14988 14639 656 1023 14278 22887 30059
2 973 50KHz 19043 0 0 0 11493 14388 16481 16004 16042 15911 15964 16303 6543 17329 31378 3437 5149 10803 17291 11982 17212 16864 14296 11788 20114 15183 13918 542 611 15556 18637 25748
3 983 50KHz 13640 16559 0 0 0 13512 13903 15070 15434 15442 15099 15323 11156 13571 31436 3463 5177 10428 15974 10765 16639 16543 14022 11727 20076 15544 13969 489 505 16564 17489 22086
4 993 50KHz 14931 13586 10989 0 0 0 9546 12996 14660 14903 14717 15118 16638 16889 31839 3033 5653 10878 15855 9587 16982 17233 13633 11059 20124 16293 13987 458 481 15476 21564 25597
5 1003 50KHz 14730 14509 13491 13565 0 0 0 16590 11550 13852 14572 15009 20114 6642 31836 4284 7076 11255 15795 10729 16998 17079 13849 11485 19431 16252 14670 430 464 15530 18547 22367
6 1013 50KHz 14509 14456 14968 13342 9612 0 0 0 21133 10536 13070 14263 18489 7723 31826 3105 6334 10998 15640 9098 17399 17486 12598 9286 18927 14955 12812 415 451 14710 23404 27120
7 1022 50KHz 14516 14351 15175 14682 12834 16739 0 0 0 17789 9263 13374 15840 11333 32089 3691 6909 11322 15692 9568 17485 17604 12563 9326 18440 14473 12698 610 559 12335 22167 25872
8 1032 50KHz 14349 14354 15433 15080 13958 10904 21345 0 0 0 25519 9370 13442 12761 32110 4102 6848 11201 15447 10936 17114 17254 13502 10183 19044 15098 12926 424 434 13508 21586 25335
9 1042 50KHz 14130 13986 15047 15121 14339 14201 10573 17709 0 0 0 18924 11195 13154 32231 5120 7921 11228 15051 10646 16822 16884 12333 9223 16812 13348 12230 444 419 11244 17801 21100
10 1052 50KHz 14240 14097 15086 15252 14496 14229 13230 9390 25923 0 0 0 17512 10274 28325 7459 7522 11672 15395 12719 16772 16586 13524 10239 17505 14016 12664 447 422 12315 16913 20235
11 1062 50KHz 14850 14135 15043 15219 14522 14490 14134 12908 9484 19287 0 0 0 18024 8031 16227 8631 11772 15401 13982 16287 16171 14119 10943 16813 13691 12126 431 6112 12642 13142 16191
12 1072 50KHz 13634 12250 13502 14692 14416 14266 15235 13906 12624 10705 18010 0 0 0 5587 4306 9028 8946 14738 12015 16397 16151 11973 8050 22590 13713 9140 12540 13564 8979 29684 30200
13 1081 50KHz 11502 13811 16016 16389 13714 14131 13435 13686 13163 12488 9117 18736 0 0 0 15789 16639 11734 15938 11017 17817 18835 13092 8941 25476 15205 10931 17837 15534 9949 30958 31001
14 1091 50KHz 29821 23579 29721 29296 9337 20366 29773 19125 11398 16846 18736 17055 10673 0 0 0 31147 19193 22603 10430 29635 29854 25962 11291 30967 29303 18554 29349 25579 30527 31468 31283
15 1101 50KHz 17822 9368 6057 7572 30512 9906 6285 9890 25254 13796 7997 5880 6803 8893 0 0 0 11530 12665 15368 12563 10047 10095 8185 13338 10696 9494 10671 27090 30025 31129 30991
16 1111 50KHz 13039 22590 11315 13454 11695 16630 12153 13153 13008 13218 10676 12732 7607 13353 30393 0 0 0 16184 10363 13040 13349 15597 21860 6388 13990 15747 12120 12502 14038 31026 31362
17 1121 50KHz 13663 15235 14002 13512 12965 15221 12293 13515 13623 14521 16469 10170 21619 23538 30062 14293 0 0 0 17804 10310 13528 14422 15872 15707 16930 17438 17858 16845 18620 10649 11636
18 1130 50KHz 13488 15362 14596 14065 9574 13756 9468 11375 13541 14706 14862 14390 1805 4474 3407 5659 23039 0 0 0 19050 9340 12426 14444 15596 16054 15516 15313 14736 15342 15302 18602
19 1140 50KHz 10993 15369 15915 15370 8438 14186 6359 8778 10746 12678 15322 16012 10133 22990 4481 3385 11503 18673 0 0 0 17574 8821 13382 15114 15485 14973 14777 14001 13893 19300 22711
20 1150 50KHz 12204 15473 15336 14836 9087 14273 6309 8209 10622 12030 15090 15253 8027 19749 3434 3112 6973 9860 19236 0 0 0 17983 11057 14808 15858 15433 14787 14105 14198 14748 17863
21 1160 50KHz 12359 15696 15360 14875 9115 14108 5524 7131 9857 11015 14815 15014 9370 20881 4015 3593 6482 12633 9380 17727 0 0 0 15505 13046 15480 15298 14507 13919 14107 13030 15866
22 1170 50KHz 14021 15667 15886 15223 9028 14251 5013 7191 9324 10995 15184 15645 12414 29405 3968 3362 6857 14180 12818 8971 18206 0 0 0 15780 13193 15127 14308 13575 13723 16836 20041
23 1179 50KHz 14835 15917 15952 15700 9679 14642 5905 7892 9421 11135 15401 15692 12510 29818 4637 3335 7106 15205 15050 13572 10329 15705 0 0 0 14870 13276 14082 13482 13436 19408 23022
24 1189 50KHz 14914 15704 15736 15254 10957 14540 5657 7323 9848 11128 15110 15155 11090 28209 3714 3394 6955 15185 15668 14856 14675 12587 15829 0 0 0 15143 12734 13113 13431 15405 18691
25 1199 50KHz 15047 16364 16695 16358 12740 15277 6042 7597 9632 10748 14942 15753 12898 29302 4548 3643 7742 16077 16916 15359 15876 15354 13365 15075 0 0 0 11835 12302 13504 16162 19657
26 1209 50KHz 14945 16267 16871 16695 15307 15678 9060 9991 10905 11635 15475 15993 13396 29225 4828 3825 8162 16572 17440 14982 15932 15809 15213 12832 15222 0 0 0 16895 12482 16288 20851
27 1219 50KHz 15050 16067 16553 16611 17638 15894 10453 11005 11493 12122 15524 15400 12388 28856 4387 3744 6901 16034 17160 14007 15120 14701 14325 14294 12969 11975 0 0 0 18013 13783 21059
28 1229 50KHz 14333 15940 16651 16704 17722 16382 12671 12667 13166 13206 15746 15647 12392 28756 4926 4149 7407 16092 17048 13540 14874 14325 13568 13626 13365 12061 17085 0 0 0 8398 19118
29 1238 50KHz 10625 14728 15947 16245 17446 16453 16323 15353 15125 14710 15879 15774 12225 26825 4910 3831 6768 16291 18162 13479 15479 14568 13780 13853 13831 13706 12017 18226 0 0 0 18405
30 1248 50KHz 10448 13530 13204 12350 14796 8381 12589 13501 12748 14792 15662 12385 7761 19153 30889 29951 30974 16782 24956 8115 15981 13172 11310 11395 15099 12993 12185 9855 24714 0 0 0
31 1258 50KHz 30729 14193 13541 16272 14415 20761 13718 14397 13891 14884 18306 15105 10177 12965 31279 13521 31291 10099 16206 22238 19922 15453 13470 14359 17041 16667 13689 16217 14861 12242 0 0
0 1268 50KHz 0 0 18744 13753 15042 15140 15173 14643 14887 15411 15211 16557 4662 29855 31414 2531 5383 12033 18078 13139 18759 18197 15373 13638 18872 15554 15049 1013 2139 10715 29098 31067
1 1278 50KHz 0 0 0 16634 13976 15253 15615 15004 15293 15467 15091 15945 3173 25825 31588 3064 6191 12099 18255 12909 18454 18175 15525 13733 20510 16621 15890 666 1074 14737 22693 29938
2 1288 50KHz 19126 0 0 0 11442 14226 15908 15447 15663 15763 15779 16268 6945 19079 31120 2568 5535 10778 17624 12278 17704 17673 15079 12919 21419 16829 15919 512 655 16384 18912 26017
3 1298 50KHz 13731 16795 0 0 0 13998 14649 15648 15698 15553 15432 15632 12772 14813 31366 2560 5410 10370 16665 10749 16839 17070 14415 12174 21072 16465 15206 436 498 16960 17465 22121
4 1308 50KHz 14985 14045 11362 0 0 0 9694 13271 15049 15368 15101 15442 18072 18020 31735 2276 5849 10804 16364 9456 17105 17536 13666 10816 20397 16112 14080 421 523 15894 21557 25635
5 1318 50KHz 15362 15110 14160 13863 0 0 0 16709 11728 14119 14766 15345 20854 6643 31820 3456 7169 11079 16089 10626 17102 17329 13835 11231 19623 16144 14801 432 451 15818 18391 22267
6 1327 50KHz 14786 14857 15537 13780 9825 0 0 0 21303 10609 13214 14471 19005 7397 31531 2458 6345 10979 15876 9014 17634 17762 12613 9012 19124 14712 13143 422 427 15094 23398 27067
7 1337 50KHz 14590 14447 15350 15027 13047 16950 0 0 0 17948 9403 13520 16083 11159 32178 3097 6950 11404 16094 9481 17625 17923 12586 9018 18638 14297 13123 601 565 12408 22237 26019
8 1347 50KHz 14476 14531 15675 15470 14278 11035 21547 0 0 0 25753 9425 13629 12644 32175 3646 6761 11253 15941 10933 17340 17593 13451 9819 19174 14916 13148 435 449 13509 21604 25385
9 1357 50KHz 14281 14194 15229 15550 14680 14462 10720 17911 0 0 0 19123 11234 13096 31985 4508 7703 11178 15611 10622 16966 17165 12365 9046 17036 13272 12306 431 425 11363 17850 21138
10 1367 50KHz 14300 14182 15286 15444 14470 14257 13284 9471 26069 0 0 0 17604 10209 25897 6872 7447 11581 15555 12756 16864 16835 13601 10127 17781 13999 12795 431 423 12306 16987 20322
11 1376 50KHz 14801 14213 15246 15340 14518 14567 14201 12959 9549 19386 0 0 0 17993 8338 15475 8467 11589 15465 14081 16344 16245 14153 10804 17011 13657 12226 418 6159 12689 13130 16143
12 1386 50KHz 13240 12121 13473 14559 14005 14267 15318 14005 12698 10801 18055 0 0 0 5899 3947 8777 8711 14524 11908 16180 16192 12007 7690 22936 13562 9081 12632 13721 9111 29658 30029
13 1396 50KHz 10698 13529 16018 16265 12984 14065 13355 13614 13122 12472 9039 18747 0 0 0 15242 16290 11492 15598 10853 17581 18900 13255 8478 25994 14903 10743 17736 15537 9943 30939 31110
14 1406 50KHz 29888 21814 29474 29274 13531 21335 29414 18409 11309 16949 18569 16938 11003 0 0 0 31272 18268 21267 9748 29470 30089 25771 9865 30863 29026 18012 29339 24759 30052 31404 31242
15 1416 50KHz 16577 9243 6322 7616 30919 10062 5884 9675 24898 13869 8165 6096 7026 8950 0 0 0 11699 12751 15437 12715 10319 10220 8088 13731 10720 9354 10612 26954 30120 30799 31558
16 1425 50KHz 13087 23073 11799 12132 12300 16387 12110 13254 13155 13515 9828 12860 7370 13334 30418 0 0 0 16383 10554 13343 13573 15854 22529 5782 13986 16199 11959 12205 13663 31017 31299
17 1435 50KHz 13425 15016 13929 13486 12880 15142 12112 13422 13575 14473 16413 10087 20760 22701 30185 14364 0 0 0 17896 10414 13693 14701 16115 15762 17081 17369 17606 16429 18242 10600 11661
18 1445 50KHz 13061 15157 14819 14089 9235 13725 9203 11174 13317 14582 14766 14416 1886 4345 3339 5525 23197 0 0 0 19069 9415 12503 14557 15748 16119 15321 15076 14465 15124 15476 18785
19 1455 50KHz 10888 15229 16407 15252 8098 14319 6286 8779 10678 12717 15292 16009 9520 22937 4269 3201 11669 18838 0 0 0 17646 8906 13445 15208 15421 14592 14328 13646 13646 19234 22594
20 1465 50KHz 11922 15458 15680 14811 8730 14217 6081 8105 10549 12022 15016 15240 7995 20021 3331 2947 7087 9977 19244 0 0 0 18183 11176 14918 15896 15272 14427 13773 14027 14794 17962
21 1475 50KHz 12245 15453 15650 14662 8850 14182 5485 7072 9833 11112 14871 15034 9217 20692 3843 3363 6530 12809 9418 17726 0 0 0 15583 13129 15418 15123 14238 13491 13675 12978 15688
22 1484 50KHz 13693 15495 16099 15072 8645 14262 4876 7076 9347 11039 15184 15716 11774 29418 3808 3064 6904 14260 12815 9052 18418 0 0 0 15876 13148 14748 13871 13080 13283 16677 19825
23 1494 50KHz 14485 15771 16295 15906 9442 14602 5785 7871 9288 11167 15292 15731 12119 29680 4415 2781 7300 15293 14893 13590 10385 15786 0 0 0 14935 13091 13774 12904 13205 19596 23248
24 1504 50KHz 14855 15847 16046 15367 10784 14646 5526 7250 9724 11064 14939 14994 10744 27545 3476 2843 6980 15138 15358 14795 14719 12616 15925 0 0 0 15048 12612 12821 13205 15273 18566
25 1514 50KHz 15397 16629 17089 16455 12412 15394 5883 7579 9503 10759 14750 15665 12529 29095 4316 2970 7901 16074 16377 15194 15726 15197 13219 15066 0 0 0 11934 12313 13595 16099 19717
26 1524 50KHz 14963 16289 17146 16843 14957 15643 8620 9856 10662 11582 15267 16016 13203 29069 4692 2952 8533 16486 16291 14593 15459 15236 14705 12494 15135 0 0 0 17010 12473 16639 21210
27 1533 50KHz 15279 16216 16811 16739 17334 15617 9911 10801 11264 12026 15254 15304 12064 28059 4214 3017 7026 15883 15794 13678 14620 14290 13879 13795 12802 12095 0 0 0 18064 13878 21065
28 1543 50KHz 14170 15706 16576 16715 17548 16075 12135 12409 12806 13037 15374 15470 11951 28131 4768 3343 7555 15758 15463 13242 14274 13925 13183 13182 12958 11995 17178 0 0 0 8322 19100
29 1553 50KHz 10549 14605 15800 16300 17437 16248 15964 15172 14847 14577 15669 15657 11640 26007 4732 3041 6855 16005 16272 13256 14919 14287 13435 13274 13464 13664 12032 18289 0 0 0 18266
30 1563 50KHz 10396 13233 14227 12797 15702 8019 12937 13676 13593 15425 14409 12197 7531 18751 30860 24555 31048 16667 19256 6650 15195 13552 12552 10838 15559 12923 11306 9729 24502 0 0 0
31 1573 50KHz 30839 14150 12965 14427 14470 20983 13991 14534 14416 15406 14829 14839 9831 12753 31530 8017 30815 9925 12860 20686 18294 15706 13725 13463 18406 15758 13036 14970 14811 12209 0 0
0 1583 50KHz 0 0 18688 13379 14503 14559 14402 14237 14686 15401 15040 16428 4349 29580 30988 1974 5583 11998 15926 13413 18412 18294 15783 13499 19204 15714 14684 1025 2106 10672 29101 31106
1 1593 50KHz 0 0 0 16447 13555 14675 14848 14486 14925 15279 14800 15679 3044 25861 31363 2341 6340 12032 16101 13014 17988 18107 15922 13624 20887 16738 15642 662 1043 14739 22624 29735
2 1603 50KHz 18993 0 0 0 11191 13734 14907 14725 15118 15431 15433 15976 7342 18548 31158 1999 5560 10617 15552 12377 17286 17563 15395 12866 21988 17056 15683 517 663 16244 18589 25817
3 1613 50KHz 13390 16716 0 0 0 13660 13945 14975 15315 15368 15101 15326 13732 14244 30922 2129 5322 10130 14700 10988 16575 16957 14770 12205 21375 16777 15075 501 550 16898 17177 21624
4 1622 50KHz 14732 13943 11299 0 0 0 9472 12952 14695 15063 14767 15206 19361 18808 31428 1924 5835 10673 14496 9656 16931 17567 14129 10809 20951 16503 13937 472 500 16225 21550 25528
5 1632 50KHz 14947 14712 13909 13611 0 0 0 16632 11752 14048 14732 15084 20687 5753 31758 2989 7196 10958 14664 10834 17061 17496 14296 11258 19802 16273 14518 468 496 16013 18551 22356
6 1642 50KHz 14206 14385 15074 13358 9636 0 0 0 21346 10603 13238 14344 18963 6683 31552 2061 6423 10773 14149 9264 17535 17935 13216 8986 19239 14607 12504 428 427 15073 23445 27322
7 1652 50KHz 14251 14139 15140 14743 12931 16881 0 0 0 17906 9360 13508 16118 10854 31769 2635 7022 11088 14512 9789 17496 18060 13106 9103 18753 14292 12464 604 581 12690 22323 26169
8 1662 50KHz 14120 14278 15604 15348 14202 11021 21586 0 0 0 25792 9421 13625 12534 32101 3201 6767 10904 14450 11231 17262 17715 13940 9860 19224 14920 12558 439 437 13679 21483 25372
9 1671 50KHz 13837 13924 15159 15463 14670 14436 10699 17910 0 0 0 19102 11235 12927 31725 3992 7706 10849 14182 10832 16888 17277 12758 9096 17061 13197 11689 445 446 11454 17863 21109
10 1681 50KHz 13931 13942 15167 15470 14495 14253 13279 9467 26115 0 0 0 17687 10179 23959 6252 7359 11256 14351 12858 16736 16878 13937 10176 17933 13985 12205 451 454 12488 16967 20254
11 1691 50KHz 14458 13931 15128 15254 14436 14383 14073 12914 9505 19376 0 0 0 17834 8465 14633 8456 11351 14494 14117 16214 16346 14572 10897 17259 13737 11820 439 6222 12746 13232 16112
12 1701 50KHz 12987 12089 13443 14673 14208 14073 15200 13892 12638 10678 18023 0 0 0 6042 3611 8629 8432 12903 12229 15971 16141 12538 7788 22938 13337 8204 12239 14153 9392 29783 29613
13 1711 50KHz 10077 13599 16317 16591 13323 13864 13088 13587 13046 12453 8995 18654 0 0 0 14728 16450 11221 13940 11056 17491 19176 13935 8622 26850 14983 9692 17147 16032 9871 31070 31015
14 1721 50KHz 29991 22679 29278 29179 10507 19135 29541 17748 11241 16783 17951 16426 10748 0 0 0 31525 17289 16577 8249 29560 30031 26561 8990 30870 26977 16562 29340 25207 30277 30976 31187
15 1730 50KHz 15579 9355 6473 7727 30384 9856 5589 9398 24543 13884 8326 6335 6959 8888 0 0 0 11843 12609 15803 13046 10859 10790 8191 14577 10729 8659 10257 27069 29875 31242 31092
16 1740 50KHz 13357 20366 12230 15808 11883 16592 12493 13442 13346 13169 9860 12783 7384 13618 30229 0 0 0 16187 10553 13475 13593 15326 22294 5443 14579 16881 11924 11514 13610 31090 31302
17 1750 50KHz 13168 14658 13707 13522 12769 15148 11988 13264 13397 14309 16307 10093 20489 22624 29705 14465 0 0 0 18047 10500 13914 14849 16279 15661 16810 17189 17359 16196 17974 10289 11374
18 1760 50KHz 12333 15022 14936 14308 9177 13660 8817 10859 12996 14428 14615 14386 1380 5377 3288 5283 23288 0 0 0 19022 9442 12657 14490 15222 15250 14415 14721 14266 14817 16218 19553
19 1770 50KHz 10399 15255 16140 15658 8259 14072 6170 8717 10429 12663 15061 15653 9354 22784 4032 2961 11741 18972 0 0 0 17928 8946 13361 14844 14861 14296 14495 13907 13950 19062 22542
20 1779 50KHz 11561 15440 15652 15124 8765 14211 6078 8032 10425 12082 14967 15224 8096 20418 3193 2666 7252 10057 19238 0 0 0 18389 11065 14581 15254 14776 14629 14155 14417 14970 18079
21 1789 50KHz 12119 15646 15531 15033 9019 14055 5521 7058 9846 11052 14731 14811 9233 20435 3636 3033 6591 12857 9444 17959 0 0 0 15532 12954 15004 14789 14324 13874 14149 12917 15668
22 1799 50KHz 13886 15764 16132 15594 9117 14096 4846 7016 9473 11105 15075 15337 11357 29281 3587 2801 6807 14388 12757 9160 18573 0 0 0 15859 12950 14459 14011 13410 13813 16441 19601
23 1809 50KHz 14719 16093 16316 16301 9945 14376 5765 7783 9409 11245 15184 15387 11749 29950 4287 2634 7179 15217 14711 13636 10393 15724 0 0 0 14784 12871 13854 13217 13494 19510 23076
24 1819 50KHz 14670 15821 16046 15707 11190 14504 5541 7106 9868 11169 14836 14740 10275 27344 3357 2716 6787 14866 15002 14726 14518 12466 15820 0 0 0 14908 12533 12939 13496 15006 18277
25 1828 50KHz 15235 16651 17061 16973 12961 15328 5824 7536 9612 10776 14680 15442 12078 29209 4159 2742 7818 15913 15688 15025 15433 14990 13030 14917 0 0 0 12011 12644 14246 16316 20268
26 1838 50KHz 16797 18393 18584 18179 15997 15788 8722 9858 10835 11707 15424 16000 12940 29448 4910 3843 8267 16617 15878 14582 15393 15288 14707 12516 14978 0 0 0 17297 12769 16954 21647
27 1848 50KHz 15010 16089 16940 17445 18274 15782 9884 10759 11420 12181 15349 15276 11532 28763 4221 3199 6890 15904 15309 13702 14663 14456 14102 13972 12870 12071 0 0 0 18207 13997 21288
28 1858 50KHz 13883 15512 16662 17310 18507 16209 12009 12279 13015 13147 15385 15094 10789 28015 4623 3293 7287 15509 14796 13141 14272 14093 13396 13432 13286 12222 17436 0 0 0 8257 18699
29 1868 50KHz 10444 14421 15885 16588 17811 16135 15363 14857 14834 14583 15461 15335 11179 26746 4613 2865 6778 15996 15602 13253 14993 14565 13830 13767 13997 14048 12311 18386 0 0 0 18292
30 1878 50KHz 10312 12327 13794 13743 14976 7327 13018 13633 12845 14754 14520 11891 7256 19011 30757 25453 30838 16466 16211 6086 15336 13730 12785 9890 16129 12310 10818 9572 24674 0 0 0
31 1888 50KHz 30907 13961 13058 14517 14274 21577 14005 14538 14024 14865 15363 14397 9561 12884 31387 10798 31048 9947 12886 21607 18789 16070 13991 13941 19066 14543 14759 14215 16083 12079 0 0
0 1898 50KHz 0 0 18709 13544 14595 14326 13783 13637 14133 14963 14662 15853 4304 29987 31176 1901 5438 11894 15073 13029 18332 18342 15821 13332 19387 15599 14757 997 2108 10589 28989 31191
1 1908 50KHz 0 0 0 16559 13730 14489 14350 14005 14592 15032 14661 15319 2877 25762 30981 2197 6087 11720 15331 12817 17955 18214 15943 13480 21127 16666 15485 668 1017 14460 22218 29942
2 1917 50KHz 19025 0 0 0 11244 13810 14781 14453 14954 15346 15439 15853 7503 18799 31101 1860 5517 10537 15052 12214 17432 17773 15637 12855 22336 17134 15866 508 673 16175 18534 25735
3 1927 50KHz 13662 16756 0 0 0 13629 13888 14855 15310 15505 15363 15464 14997 14107 30759 1902 5229 10067 14319 10958 16741 17120 14878 12236 21733 16870 15496 496 518 17109 16945 21481
4 1937 50KHz 14694 13936 11358 0 0 0 9490 13027 14714 15057 14822 15116 20682 17581 31188 1748 5673 10449 13731 9417 16877 17612 14135 10809 21652 16425 14078 449 457 16372 21328 25301
5 1947 50KHz 14954 14889 14067 13884 0 0 0 16791 11762 14183 14834 15285 21360 5806 31935 2997 7006 11046 14220 10513 16955 17596 14280 11288 20104 16143 14553 431 448 16033 18523 22381
6 1957 50KHz 13968 14367 15150 13546 9634 0 0 0 21277 10632 13218 14316 19158 6435 31357 2096 6214 10861 13718 8740 17348 17997 13082 9037 19987 14217 12273 451 459 14852 23410 27225
7 1967 50KHz 13641 13849 14898 14649 12825 16762 0 0 0 17807 9309 13366 16021 10538 32028 2716 6738 11184 14055 9287 17336 18091 12997 9009 19400 13868 12244 574 585 12240 22260 26014
8 1976 50KHz 13464 13938 15319 15205 14059 10938 21388 0 0 0 25612 9301 13450 12182 32212 3287 6500 10932 14037 10659 17124 17696 13845 9730 19800 14426 12201 455 444 13319 21323 25138
9 1986 50KHz 13279 13619 14924 15340 14500 14259 10657 17922 0 0 0 18938 11109 12617 31990 4060 7413 10919 13917 10435 16757 17238 12653 8949 17516 12692 11367 424 459 11168 17552 20827
10 1996 50KHz 13192 13680 15134 15391 14317 14062 13156 9346 25771 0 0 0 17463 9959 23156 6221 7214 11282 14040 12597 16624 16861 13946 10016 18258 13391 11937 430 417 12127 16883 20148
11 2006 50KHz 13637 13578 14979 15395 14489 14400 13997 12817 9438 19234 0 0 0 17647 8480 14707 8358 11483 14367 13856 16194 16465 14513 10775 17537 13262 11498 440 6319 12408 13266 16179
12 2016 50KHz 11741 11891 13331 14651 14215 13970 15032 13749 12534 10677 17911 0 0 0 6248 3717 8229 8381 12829 11749 15752 16062 12406 7526 23188 12284 7591 11563 14869 9078 29588 30064
13 2025 50KHz 8872 13739 16334 16523 13101 13737 12753 13204 12694 12133 8837 18355 0 0 0 14868 16151 11495 13830 10303 17315 19299 13732 8133 26792 13464 9153 16746 16988 9653 30755 31070
14 2035 50KHz 30007 24575 29193 29182 11580 18867 29628 17834 11645 16650 17935 16305 11116 0 0 0 31129 16960 16387 8552 29104 30064 25660 7501 30996 23688 16024 29186 27953 29794 31352 31254
15 2045 50KHz 15884 9318 6219 7256 30472 9617 5793 9488 24979 13738 8057 6017 7669 9255 0 0 0 12027 12823 15940 12889 10554 10503 8082 13722 10172 8640 10121 27456 30071 31398 31330
16 2055 50KHz 12553 16455 11578 9656 11615 17494 11621 12663 12081 12303 9757 11842 6550 13081 30201 0 0 0 15981 10396 13164 13155 15156 22270 5304 14963 16125 11603 10734 12942 31340 31428
17 2065 50KHz 13181 14730 13587 13428 12561 14831 11865 13241 13305 14246 16165 10053 20239 22796 29750 14376 0 0 0 17760 10296 13712 14697 16133 15755 16915 17244 17292 15910 17922 10642 11647
18 2074 50KHz 12578 15387 15194 14291 9183 13216 8719 10768 13136 14430 14623 14239 2860 5851 3251 5519 22652 0 0 0 19040 9434 12473 14325 15332 15353 14456 14451 14305 14854 15939 19228
19 2084 50KHz 10394 15599 16587 15488 8381 13660 6127 8521 10737 12601 15051 15579 8454 26541 4388 3870 9482 18626 0 0 0 17378 8561 13039 14358 14746 14878 15681 14608 13850 19081 22483
20 2094 50KHz 13019 16652 15883 13803 8583 13779 7547 8499 11811 12732 15912 15324 7321 19812 3421 6773 3771 10026 19581 0 0 0 17798 10873 14270 15209 15038 15626 14607 14171 13897 16869
21 2104 50KHz 12823 16435 15697 13701 8710 13719 6577 7454 10815 11621 15582 15140 8815 21945 4084 8908 2901 12653 9391 17441 0 0 0 15309 12793 15028 14955 15375 14347 13723 12653 15452
22 2114 50KHz 14239 16334 16063 13855 8243 13764 6344 7556 10535 11745 16253 16000 11297 29459 4114 10502 2349 13884 12536 8724 17962 0 0 0 15741 13224 14918 14846 13660 13177 16728 19884
23 2124 50KHz 14864 16576 16316 14559 8779 14271 7803 8655 10812 12032 16702 16131 11942 29902 4936 11754 2052 14650 14569 13243 10133 15451 0 0 0 15185 13406 14777 13522 12988 19941 23653
24 2133 50KHz 15290 16428 16213 14469 10579 14339 7102 7839 11008 11865 16111 15495 10578 29157 3871 11353 1867 14018 14766 14325 14325 12333 15775 0 0 0 15128 13408 13434 13153 15507 18859
25 2143 50KHz 16065 17277 17346 15621 12213 15429 8251 8638 11122 11732 16274 16367 12364 29432 4869 13351 1954 14810 15535 15008 15585 15107 13393 15334 0 0 0 12740 13324 14080 16600 20286
26 2153 50KHz 16976 18123 18498 16956 15253 15824 11598 11291 12564 12731 17092 16922 13149 29574 5300 13456 2829 15495 16423 14833 15530 15532 15068 12768 15141 0 0 0 17362 13096 16617 21424
27 2163 50KHz 15423 16298 16382 16132 16956 15119 10425 10798 11063 12178 15194 14941 12371 28943 4268 9470 3699 14881 16212 13928 14756 14774 14549 14639 13343 12146 0 0 0 18200 13787 21152
28 2173 50KHz 14241 15675 16364 16110 17081 15522 12447 12250 12690 13179 15105 14768 11278 27486 4487 8980 4150 14480 15918 13469 14397 14425 13872 14181 14095 12652 17480 0 0 0 8578 18252
29 2182 50KHz 10489 14443 15784 15856 16808 15682 15971 14953 14432 14719 15306 15108 11900 26646 4637 8407 4135 14937 17011 13457 14859 14833 14260 14532 14789 14540 12424 18271 0 0 0 18259
30 2192 50KHz 10125 12584 13352 10905 15796 6556 11787 12724 13573 13991 15222 11996 7572 19120 30906 31050 30744 15364 21692 5553 14280 13906 12124 9776 16024 11824 11022 9920 24909 0 0 0
31 2202 50KHz 31114 13929 13616 17096 14662 21871 13175 13860 13825 13813 17062 14544 9989 12976 31125 29343 31039 9238 13980 21747 16022 16311 13330 14134 18898 14096 15748 14989 16835 12093 0 0
0 2212 50KHz 0 0 18596 13719 14908 14994 15028 14577 14877 15518 15081 15980 4183 29865 31314 5014 3633 11019 16885 13185 17611 18356 15500 13369 19481 15631 15110 1008 2101 10491 28787 31294
1 2222 50KHz 0 0 0 16580 13713 14820 15171 14643 14995 15212 14641 15344 2899 25159 31145 5351 4265 10880 16800 12809 17236 18183 15574 13266 20828 16239 15424 701 1022 14372 22059 30108
2 2232 50KHz 19029 0 0 0 11310 13990 15449 14997 15194 15442 15322 15751 7212 19192 31312 4222 3919 9831 16391 11965 16559 17710 15082 12340 21909 16275 15262 526 634 15929 18587 25628
3 2242 50KHz 13702 16818 0 0 0 13870 14577 15558 15829 15826 15478 15529 13715 15146 30977 4482 3898 9516 15652 10752 16039 17316 14506 11739 21578 16098 14778 482 508 16711 17604 22118
4 2252 50KHz 14919 14004 11407 0 0 0 9816 13397 15206 15512 15196 15519 19712 19762 31234 4186 4241 9943 15605 9544 16359 18009 13940 10482 21343 15901 13706 495 506 16270 21682 25778
5 2262 50KHz 15128 14841 14050 13886 0 0 0 16693 11592 13928 14594 15023 20687 6049 31531 5588 5340 10301 15406 10692 16332 17665 13877 10656 20259 15632 14144 414 470 15943 18616 22493
6 2271 50KHz 14704 14614 15509 13934 9810 0 0 0 21231 10551 13211 14403 19204 7297 31353 4100 4814 10021 14337 9193 16642 18055 12883 8481 19605 13924 12234 454 427 15059 23165 26963
7 2281 50KHz 14466 14210 15258 15133 13136 16830 0 0 0 17799 9323 13482 16167 11108 31704 5162 5221 10417 14253 9761 16561 18069 12719 8513 19136 13436 12082 593 575 12355 22149 25913
8 2291 50KHz 14256 14258 15451 15436 14336 10964 21365 0 0 0 25548 9383 13520 12540 31955 5358 5228 10335 14226 11129 16334 17789 13626 9325 19573 14053 12058 448 463 13556 21298 25065
9 2301 50KHz 14035 13802 14945 15555 14715 14318 10627 17763 0 0 0 18921 11131 12864 31764 6291 5960 10289 14021 10739 15986 17311 12421 8562 17368 12453 11252 417 436 11277 17598 20839
10 2311 50KHz 13917 13661 14831 15339 14565 14123 13166 9326 25761 0 0 0 17406 9981 22141 8882 5827 10800 14262 12888 16070 16946 13705 9656 18084 13274 11784 426 428 12284 16853 20200
11 2320 50KHz 14334 13767 14908 15346 14588 14483 14189 12913 9434 19280 0 0 0 17713 8350 18253 6789 11045 14536 14183 15802 16480 14244 10436 17347 13157 11513 432 6240 12575 13254 16231
12 2330 50KHz 13473 12072 13268 14446 14227 13985 15259 13847 12577 10638 17917 0 0 0 6177 5060 6799 8041 13068 12412 15179 16322 12209 6968 23289 12314 7747 12197 14892 9459 29626 29579
13 2340 50KHz 11103 13651 15882 15931 12944 13529 13218 13349 12846 12139 8855 18436 0 0 0 17251 13063 10763 14136 11289 16645 19532 13541 7622 26866 13554 9090 17003 17587 10749 31127 31323
14 2350 50KHz 29081 23115 29222 29003 11561 18354 29036 17168 11716 16729 17771 16276 10865 0 0 0 31085 15836 16499 6411 28866 29931 25134 7263 31149 23268 16257 28645 28828 29516 31183 31196
15 2360 50KHz 19666 8499 4990 6314 30765 9257 7716 11195 26666 13768 7513 5416 7865 9625 0 0 0 12826 14106 17702 13012 9969 10398 8398 12280 9686 9079 11044 27956 30294 30768 31133
16 2370 50KHz 10904 18523 9226 7786 10804 15827 10302 11411 11547 11720 6583 9706 6188 11541 29735 0 0 0 16128 10253 13351 13555 15140 21888 5372 14624 15752 10416 9508 11558 31264 31190
17 2379 50KHz 12851 14544 13628 13487 12310 14780 11496 12960 13164 14144 16429 10500 19617 21501 29645 16142 0 0 0 17758 10406 13683 14461 15840 15495 16614 17113 17709 16406 17910 10244 11685
18 2389 50KHz 12941 15097 14457 13754 8950 13472 9047 10991 13144 14516 14586 14244 2153 4458 3088 6290 21833 0 0 0 18836 9312 12307 14132 15209 15241 14532 14990 14672 14957 15962 19167
19 2399 50KHz 10920 15245 15589 14832 8028 13820 6510 8813 10751 12691 14921 15447 8627 22025 3775 3733 10475 18566 0 0 0 17747 8897 13411 14955 14998 14269 14736 14280 14022 18875 22242
20 2409 50KHz 12199 14167 16664 14368 8613 13752 6267 8117 10641 12135 15052 15179 7643 20846 3052 3404 6303 9876 19034 0 0 0 18208 11023 14603 15096 14614 14713 14387 14369 15088 18154
21 2419 50KHz 12566 15306 15489 14438 8930 13835 5782 7173 9935 11173 14685 14787 8827 19947 3379 4047 5577 12679 9413 17804 0 0 0 15403 12852 14647 14463 14559 14256 14233 12570 15333
22 2428 50KHz 13978 15404 15995 14956 8803 13709 5183 7205 9731 11323 15162 15423 10829 29325 3378 4036 5696 14100 12724 9005 18362 0 0 0 15876 12858 14481 14329 13859 13951 16445 19677
23 2438 50KHz 14952 14754 17569 15534 9388 14203 6087 7990 9514 11389 15250 15519 11286 29919 4065 4093 5861 14821 14630 13454 10280 15583 0 0 0 14691 12886 14190 13689 13740 19623 23223
24 2448 50KHz 15018 15497 16001 14961 10720 14257 5930 7358 9952 11306 14763 14573 9715 26891 3072 3907 5369 14222 14942 14516 14415 12390 15878 0 0 0 14852 12885 13443 13762 14631 17865
25 2458 50KHz 15387 16432 16919 16265 12243 15027 5955 7461 9530 10826 14559 15472 12002 29236 3973 4389 6284 15113 15671 14778 15156 14716 12958 14832 0 0 0 12054 12808 14061 16278 19843